

***********************************************************************
Fatal NI connect error 12518, connecting to:
 (DESCRIPTION=(ADDRESS_LIST=(ADDRESS=(COMMUNITY=tcp.world)(PROTOCOL=TCP)(Host=10.2.0.106)(Port=1521)))(CONNECT_DATA=(SID=ASDB)(CID=(PROGRAM=C:\acd\Source\Delphi\Project\Technical_Process_Doc\Win32\Debug\TECHNICAL_PROCESS_DOC.exe)(HOST=ASUP-49)(USER=ASUP-49))))

  VERSION INFORMATION:
	TNS for 32-bit Windows: Version 8.0.6.0.0 - Production
	Windows NT TCP/IP NT Protocol Adapter for 32-bit Windows: Version 8.0.6.0.0 - Production
  Time: 26-ќ “-22 15:07:04
  Tracing not turned on.
  Tns error struct:
    nr err code: 12203
    TNS-12203: TNS:не могу установить св€зь с адресатом
    ns main err code: 12564
    TNS-12564: TNS:соединение отвергнуто
    ns secondary err code: 0
    nt main err code: 0
    nt secondary err code: 0
    nt OS err code: 0


***********************************************************************
Fatal NI connect error 12518, connecting to:
 (DESCRIPTION=(ADDRESS_LIST=(ADDRESS=(COMMUNITY=tcp.world)(PROTOCOL=TCP)(Host=10.2.0.106)(Port=1521)))(CONNECT_DATA=(SID=ASDB)(CID=(PROGRAM=C:\acd\Source\Delphi\Project\Technical_Process_Doc\Win32\Debug\TECHNICAL_PROCESS_DOC.exe)(HOST=ASUP-49)(USER=ASUP-49))))

  VERSION INFORMATION:
	TNS for 32-bit Windows: Version 8.0.6.0.0 - Production
	Windows NT TCP/IP NT Protocol Adapter for 32-bit Windows: Version 8.0.6.0.0 - Production
  Time: 25-яЌ¬-23 13:29:00
  Tracing not turned on.
  Tns error struct:
    nr err code: 12203
    TNS-12203: TNS:не могу установить св€зь с адресатом
    ns main err code: 12564
    TNS-12564: TNS:соединение отвергнуто
    ns secondary err code: 0
    nt main err code: 0
    nt secondary err code: 0
    nt OS err code: 0


***********************************************************************
Fatal NI connect error 12518, connecting to:
 (DESCRIPTION=(ADDRESS_LIST=(ADDRESS=(COMMUNITY=tcp.world)(PROTOCOL=TCP)(Host=10.2.0.106)(Port=1521)))(CONNECT_DATA=(SID=ASDB)(CID=(PROGRAM=C:\acd\Source\Delphi\Project\Technical_Process_Doc\Win32\Debug\TECHNICAL_PROCESS_DOC.exe)(HOST=ASUP-49)(USER=ASUP-49))))

  VERSION INFORMATION:
	TNS for 32-bit Windows: Version 8.0.6.0.0 - Production
	Windows NT TCP/IP NT Protocol Adapter for 32-bit Windows: Version 8.0.6.0.0 - Production
  Time: 25-яЌ¬-23 13:29:15
  Tracing not turned on.
  Tns error struct:
    nr err code: 12203
    TNS-12203: TNS:не могу установить св€зь с адресатом
    ns main err code: 12564
    TNS-12564: TNS:соединение отвергнуто
    ns secondary err code: 0
    nt main err code: 0
    nt secondary err code: 0
    nt OS err code: 0


***********************************************************************
Fatal NI connect error 12518, connecting to:
 (DESCRIPTION=(ADDRESS_LIST=(ADDRESS=(COMMUNITY=tcp.world)(PROTOCOL=TCP)(Host=10.2.0.106)(Port=1521)))(CONNECT_DATA=(SID=ASDB)(CID=(PROGRAM=C:\acd\Source\Delphi\Project\Technical_Process_Doc\Win32\Debug\TECHNICAL_PROCESS_DOC.exe)(HOST=ASUP-49)(USER=ASUP-49))))

  VERSION INFORMATION:
	TNS for 32-bit Windows: Version 8.0.6.0.0 - Production
	Windows NT TCP/IP NT Protocol Adapter for 32-bit Windows: Version 8.0.6.0.0 - Production
  Time: 25-яЌ¬-23 13:32:13
  Tracing not turned on.
  Tns error struct:
    nr err code: 12203
    TNS-12203: TNS:не могу установить св€зь с адресатом
    ns main err code: 12564
    TNS-12564: TNS:соединение отвергнуто
    ns secondary err code: 0
    nt main err code: 0
    nt secondary err code: 0
    nt OS err code: 0


***********************************************************************
Fatal NI connect error 12518, connecting to:
 (DESCRIPTION=(ADDRESS_LIST=(ADDRESS=(COMMUNITY=tcp.world)(PROTOCOL=TCP)(Host=10.2.0.106)(Port=1521)))(CONNECT_DATA=(SID=ASDB)(CID=(PROGRAM=C:\acd\Source\Delphi\Project\Technical_Process_Doc\Win32\Debug\TECHNICAL_PROCESS_DOC.exe)(HOST=ASUP-49)(USER=ASUP-49))))

  VERSION INFORMATION:
	TNS for 32-bit Windows: Version 8.0.6.0.0 - Production
	Windows NT TCP/IP NT Protocol Adapter for 32-bit Windows: Version 8.0.6.0.0 - Production
  Time: 25-яЌ¬-23 13:32:28
  Tracing not turned on.
  Tns error struct:
    nr err code: 12203
    TNS-12203: TNS:не могу установить св€зь с адресатом
    ns main err code: 12564
    TNS-12564: TNS:соединение отвергнуто
    ns secondary err code: 0
    nt main err code: 0
    nt secondary err code: 0
    nt OS err code: 0


***********************************************************************
Fatal NI connect error 12518, connecting to:
 (DESCRIPTION=(ADDRESS_LIST=(ADDRESS=(COMMUNITY=tcp.world)(PROTOCOL=TCP)(Host=10.2.0.106)(Port=1521)))(CONNECT_DATA=(SID=ASDB)(CID=(PROGRAM=C:\acd\Source\Delphi\Project\Technical_Process_Doc\Win32\Debug\TECHNICAL_PROCESS_DOC.exe)(HOST=ASUP-49)(USER=ASUP-49))))

  VERSION INFORMATION:
	TNS for 32-bit Windows: Version 8.0.6.0.0 - Production
	Windows NT TCP/IP NT Protocol Adapter for 32-bit Windows: Version 8.0.6.0.0 - Production
  Time: 25-яЌ¬-23 13:34:10
  Tracing not turned on.
  Tns error struct:
    nr err code: 12203
    TNS-12203: TNS:не могу установить св€зь с адресатом
    ns main err code: 12564
    TNS-12564: TNS:соединение отвергнуто
    ns secondary err code: 0
    nt main err code: 0
    nt secondary err code: 0
    nt OS err code: 0


***********************************************************************
Fatal NI connect error 12518, connecting to:
 (DESCRIPTION=(ADDRESS_LIST=(ADDRESS=(COMMUNITY=tcp.world)(PROTOCOL=TCP)(Host=10.2.0.106)(Port=1521)))(CONNECT_DATA=(SID=ASDB)(CID=(PROGRAM=C:\acd\Source\Delphi\Project\Technical_Process_Doc\Win32\Debug\TECHNICAL_PROCESS_DOC.exe)(HOST=ASUP-49)(USER=ASUP-49))))

  VERSION INFORMATION:
	TNS for 32-bit Windows: Version 8.0.6.0.0 - Production
	Windows NT TCP/IP NT Protocol Adapter for 32-bit Windows: Version 8.0.6.0.0 - Production
  Time: 25-яЌ¬-23 13:34:20
  Tracing not turned on.
  Tns error struct:
    nr err code: 12203
    TNS-12203: TNS:не могу установить св€зь с адресатом
    ns main err code: 12564
    TNS-12564: TNS:соединение отвергнуто
    ns secondary err code: 0
    nt main err code: 0
    nt secondary err code: 0
    nt OS err code: 0


***********************************************************************
Fatal NI connect error 12518, connecting to:
 (DESCRIPTION=(ADDRESS_LIST=(ADDRESS=(COMMUNITY=tcp.world)(PROTOCOL=TCP)(Host=10.2.0.106)(Port=1521)))(CONNECT_DATA=(SID=ASDB)(CID=(PROGRAM=C:\acd\Source\Delphi\Project\Technical_Process_Doc\Win32\Debug\TECHNICAL_PROCESS_DOC.exe)(HOST=ASUP-49)(USER=ASUP-49))))

  VERSION INFORMATION:
	TNS for 32-bit Windows: Version 8.0.6.0.0 - Production
	Windows NT TCP/IP NT Protocol Adapter for 32-bit Windows: Version 8.0.6.0.0 - Production
  Time: 25-яЌ¬-23 13:36:41
  Tracing not turned on.
  Tns error struct:
    nr err code: 12203
    TNS-12203: TNS:не могу установить св€зь с адресатом
    ns main err code: 12564
    TNS-12564: TNS:соединение отвергнуто
    ns secondary err code: 0
    nt main err code: 0
    nt secondary err code: 0
    nt OS err code: 0


***********************************************************************
Fatal NI connect error 12518, connecting to:
 (DESCRIPTION=(ADDRESS_LIST=(ADDRESS=(COMMUNITY=tcp.world)(PROTOCOL=TCP)(Host=10.2.0.106)(Port=1521)))(CONNECT_DATA=(SID=ASDB)(CID=(PROGRAM=C:\acd\Source\Delphi\Project\Technical_Process_Doc\Win32\Debug\TECHNICAL_PROCESS_DOC.exe)(HOST=ASUP-49)(USER=ASUP-49))))

  VERSION INFORMATION:
	TNS for 32-bit Windows: Version 8.0.6.0.0 - Production
	Windows NT TCP/IP NT Protocol Adapter for 32-bit Windows: Version 8.0.6.0.0 - Production
  Time: 25-яЌ¬-23 13:36:50
  Tracing not turned on.
  Tns error struct:
    nr err code: 12203
    TNS-12203: TNS:не могу установить св€зь с адресатом
    ns main err code: 12564
    TNS-12564: TNS:соединение отвергнуто
    ns secondary err code: 0
    nt main err code: 0
    nt secondary err code: 0
    nt OS err code: 0
