

***********************************************************************
Fatal NI connect error 12518, connecting to:
 (DESCRIPTION=(ADDRESS_LIST=(ADDRESS=(COMMUNITY=tcp.world)(PROTOCOL=TCP)(Host=10.2.0.106)(Port=1521)))(CONNECT_DATA=(SID=ASDB)(CID=(PROGRAM=C:\acd\Source\Delphi\Project\Technical_Process_Doc\Win32\Release\TECHNICAL_PROCESS_DOC.exe)(HOST=ASUP-49)(USER=ASUP-49))))

  VERSION INFORMATION:
	TNS for 32-bit Windows: Version 8.0.6.0.0 - Production
	Windows NT TCP/IP NT Protocol Adapter for 32-bit Windows: Version 8.0.6.0.0 - Production
  Time: 26-ОКТ-22 15:06:43
  Tracing not turned on.
  Tns error struct:
    nr err code: 12203
    TNS-12203: TNS:не могу установить связь с адресатом
    ns main err code: 12564
    TNS-12564: TNS:соединение отвергнуто
    ns secondary err code: 0
    nt main err code: 0
    nt secondary err code: 0
    nt OS err code: 0


***********************************************************************
Fatal NI connect error 12203, connecting to:
 (DESCRIPTION=(ADDRESS_LIST=(ADDRESS=(PROTOCOL=BEQ)(PROGRAM=oracle80)(ARGV0=oracle80ORCL)(ARGS='(DESCRIPTION=(LOCAL=YES)(ADDRESS=(PROTOCOL=beq)))')))(CONNECT_DATA=(SID=ORCL)(CID=(PROGRAM=C:\acd\Source\Delphi\Project\Technical_Process_Doc\Win32\Release\TECHNICAL_PROCESS_DOC.exe)(HOST=ASUP-49)(USER=ASUP-49))))

  VERSION INFORMATION:
	TNS for 32-bit Windows: Version 8.0.6.0.0 - Production
	Oracle Bequeath NT Protocol Adapter for 32-bit Windows: Version 8.0.6.0.0 - Production
	Windows NT TCP/IP NT Protocol Adapter for 32-bit Windows: Version 8.0.6.0.0 - Production
  Time: 02-ДЕК-22 15:36:29
  Tracing not turned on.
  Tns error struct:
    nr err code: 12203
    TNS-12203: TNS:не могу установить связь с адресатом
    ns main err code: 12560
    TNS-12560: TNS:ошибка адаптера протокола
    ns secondary err code: 0
    nt main err code: 530
    TNS-00530: Ошибка адаптера протокола
    nt secondary err code: 0
    nt OS err code: 0


***********************************************************************
Fatal NI connect error 12518, connecting to:
 (DESCRIPTION=(ADDRESS_LIST=(ADDRESS=(COMMUNITY=tcp.world)(PROTOCOL=TCP)(Host=10.2.0.106)(Port=1521)))(CONNECT_DATA=(SID=ASDB)(CID=(PROGRAM=C:\acd\Source\Delphi\Project\Technical_Process_Doc\Win32\Release\TECHNICAL_PROCESS_DOC.exe)(HOST=ASUP-49)(USER=ASUP-49))))

  VERSION INFORMATION:
	TNS for 32-bit Windows: Version 8.0.6.0.0 - Production
	Windows NT TCP/IP NT Protocol Adapter for 32-bit Windows: Version 8.0.6.0.0 - Production
  Time: 30-ЯНВ-23 13:40:37
  Tracing not turned on.
  Tns error struct:
    nr err code: 12203
    TNS-12203: TNS:не могу установить связь с адресатом
    ns main err code: 12564
    TNS-12564: TNS:соединение отвергнуто
    ns secondary err code: 0
    nt main err code: 0
    nt secondary err code: 0
    nt OS err code: 0


***********************************************************************
Fatal NI connect error 12518, connecting to:
 (DESCRIPTION=(ADDRESS_LIST=(ADDRESS=(COMMUNITY=tcp.world)(PROTOCOL=TCP)(Host=10.2.0.106)(Port=1521)))(CONNECT_DATA=(SID=ASDB)(CID=(PROGRAM=C:\acd\Source\Delphi\Project\Technical_Process_Doc\Win32\Release\TECHNICAL_PROCESS_DOC.exe)(HOST=ASUP-49)(USER=ASUP-49))))

  VERSION INFORMATION:
	TNS for 32-bit Windows: Version 8.0.6.0.0 - Production
	Windows NT TCP/IP NT Protocol Adapter for 32-bit Windows: Version 8.0.6.0.0 - Production
  Time: 30-ЯНВ-23 13:42:56
  Tracing not turned on.
  Tns error struct:
    nr err code: 12203
    TNS-12203: TNS:не могу установить связь с адресатом
    ns main err code: 12564
    TNS-12564: TNS:соединение отвергнуто
    ns secondary err code: 0
    nt main err code: 0
    nt secondary err code: 0
    nt OS err code: 0


***********************************************************************
Fatal NI connect error 12518, connecting to:
 (DESCRIPTION=(ADDRESS_LIST=(ADDRESS=(COMMUNITY=tcp.world)(PROTOCOL=TCP)(Host=10.2.0.106)(Port=1521)))(CONNECT_DATA=(SID=ASDB)(CID=(PROGRAM=C:\acd\Source\Delphi\Project\Technical_Process_Doc\Win32\Release\TECHNICAL_PROCESS_DOC.exe)(HOST=ASUP-49)(USER=ASUP-49))))

  VERSION INFORMATION:
	TNS for 32-bit Windows: Version 8.0.6.0.0 - Production
	Windows NT TCP/IP NT Protocol Adapter for 32-bit Windows: Version 8.0.6.0.0 - Production
  Time: 30-ЯНВ-23 14:40:31
  Tracing not turned on.
  Tns error struct:
    nr err code: 12203
    TNS-12203: TNS:не могу установить связь с адресатом
    ns main err code: 12564
    TNS-12564: TNS:соединение отвергнуто
    ns secondary err code: 0
    nt main err code: 0
    nt secondary err code: 0
    nt OS err code: 0


***********************************************************************
Fatal NI connect error 12518, connecting to:
 (DESCRIPTION=(ADDRESS_LIST=(ADDRESS=(COMMUNITY=tcp.world)(PROTOCOL=TCP)(Host=10.2.0.106)(Port=1521)))(CONNECT_DATA=(SID=ASDB)(CID=(PROGRAM=C:\acd\Source\Delphi\Project\Technical_Process_Doc\Win32\Release\TECHNICAL_PROCESS_DOC.exe)(HOST=ASUP-49)(USER=ASUP-49))))

  VERSION INFORMATION:
	TNS for 32-bit Windows: Version 8.0.6.0.0 - Production
	Windows NT TCP/IP NT Protocol Adapter for 32-bit Windows: Version 8.0.6.0.0 - Production
  Time: 30-ЯНВ-23 14:40:39
  Tracing not turned on.
  Tns error struct:
    nr err code: 12203
    TNS-12203: TNS:не могу установить связь с адресатом
    ns main err code: 12564
    TNS-12564: TNS:соединение отвергнуто
    ns secondary err code: 0
    nt main err code: 0
    nt secondary err code: 0
    nt OS err code: 0


***********************************************************************
Fatal NI connect error 12518, connecting to:
 (DESCRIPTION=(ADDRESS_LIST=(ADDRESS=(COMMUNITY=tcp.world)(PROTOCOL=TCP)(Host=10.2.0.106)(Port=1521)))(CONNECT_DATA=(SID=ASDB)(CID=(PROGRAM=C:\acd\Source\Delphi\Project\Technical_Process_Doc\Win32\Release\TECHNICAL_PROCESS_DOC.exe)(HOST=ASUP-49)(USER=ASUP-49))))

  VERSION INFORMATION:
	TNS for 32-bit Windows: Version 8.0.6.0.0 - Production
	Windows NT TCP/IP NT Protocol Adapter for 32-bit Windows: Version 8.0.6.0.0 - Production
  Time: 30-ЯНВ-23 14:52:40
  Tracing not turned on.
  Tns error struct:
    nr err code: 12203
    TNS-12203: TNS:не могу установить связь с адресатом
    ns main err code: 12564
    TNS-12564: TNS:соединение отвергнуто
    ns secondary err code: 0
    nt main err code: 0
    nt secondary err code: 0
    nt OS err code: 0


***********************************************************************
Fatal NI connect error 12518, connecting to:
 (DESCRIPTION=(ADDRESS_LIST=(ADDRESS=(COMMUNITY=tcp.world)(PROTOCOL=TCP)(Host=10.2.0.106)(Port=1521)))(CONNECT_DATA=(SID=ASDB)(CID=(PROGRAM=C:\acd\Source\Delphi\Project\Technical_Process_Doc\Win32\Release\TECHNICAL_PROCESS_DOC.exe)(HOST=ASUP-49)(USER=ASUP-49))))

  VERSION INFORMATION:
	TNS for 32-bit Windows: Version 8.0.6.0.0 - Production
	Windows NT TCP/IP NT Protocol Adapter for 32-bit Windows: Version 8.0.6.0.0 - Production
  Time: 30-ЯНВ-23 14:53:19
  Tracing not turned on.
  Tns error struct:
    nr err code: 12203
    TNS-12203: TNS:не могу установить связь с адресатом
    ns main err code: 12564
    TNS-12564: TNS:соединение отвергнуто
    ns secondary err code: 0
    nt main err code: 0
    nt secondary err code: 0
    nt OS err code: 0
